<?xml version="1.0" encoding="UTF-8"?>
<testng-results ignored="0" total="1" passed="1" failed="0" skipped="0">
  <reporter-output>
  </reporter-output>
  <suite started-at="2022-12-04T13:35:24 IST" name="Suite" finished-at="2022-12-04T13:35:45 IST" duration-ms="20933">
    <groups>
    </groups>
    <test started-at="2022-12-04T13:35:24 IST" name="Test" finished-at="2022-12-04T13:35:45 IST" duration-ms="20933">
      <class name="com.Appium.StartAppium.BaseicTest">
        <test-method is-config="true" signature="beforeClass()[pri:0, instance:com.Appium.StartAppium.BaseicTest@6340e5f0]" started-at="2022-12-04T13:35:24 IST" name="beforeClass" finished-at="2022-12-04T13:35:24 IST" duration-ms="11" status="PASS">
          <reporter-output>
          </reporter-output>
        </test-method> <!-- beforeClass -->
        <test-method is-config="true" signature="beforeMethod()[pri:0, instance:com.Appium.StartAppium.BaseicTest@6340e5f0]" started-at="2022-12-04T13:35:24 IST" name="beforeMethod" finished-at="2022-12-04T13:35:24 IST" duration-ms="1" status="PASS">
          <reporter-output>
          </reporter-output>
        </test-method> <!-- beforeMethod -->
        <test-method signature="startDriver()[pri:0, instance:com.Appium.StartAppium.BaseicTest@6340e5f0]" started-at="2022-12-04T13:35:24 IST" name="startDriver" finished-at="2022-12-04T13:35:45 IST" duration-ms="20865" status="PASS">
          <reporter-output>
          </reporter-output>
        </test-method> <!-- startDriver -->
        <test-method is-config="true" signature="afterMethod()[pri:0, instance:com.Appium.StartAppium.BaseicTest@6340e5f0]" started-at="2022-12-04T13:35:45 IST" name="afterMethod" finished-at="2022-12-04T13:35:45 IST" duration-ms="0" status="PASS">
          <reporter-output>
          </reporter-output>
        </test-method> <!-- afterMethod -->
        <test-method is-config="true" signature="afterClass()[pri:0, instance:com.Appium.StartAppium.BaseicTest@6340e5f0]" started-at="2022-12-04T13:35:45 IST" name="afterClass" finished-at="2022-12-04T13:35:45 IST" duration-ms="1" status="PASS">
          <reporter-output>
          </reporter-output>
        </test-method> <!-- afterClass -->
      </class> <!-- com.Appium.StartAppium.BaseicTest -->
    </test> <!-- Test -->
  </suite> <!-- Suite -->
</testng-results>
