<?xml version="1.0" encoding="UTF-8"?>
<!-- Generated by org.testng.reporters.JUnitXMLReporter -->
<testsuite ignored="0" hostname="Hp" failures="1" tests="1" name="Test" time="0.777" errors="0" timestamp="2022-12-04T14:51:45 IST">
  <testcase classname="com.Appium.StartAppium.BaseicTest" name="startDriver" time="0.744">
    <failure type="org.openqa.selenium.SessionNotCreatedException" message="Could not start a new session. Response code 500. Message: An unknown server-side error occurred while processing the command. Original error: The application at &amp;apos;D:\AppiumWork\Appium\src\test\java\resources\ApiDemos-debug.apk&amp;apos; does not exist or is not accessible 
Host info: host: &amp;apos;HP&amp;apos;, ip: &amp;apos;192.168.31.44&amp;apos;
Build info: version: &amp;apos;4.6.0&amp;apos;, revision: &amp;apos;79f1c02ae20&amp;apos;
System info: os.name: &amp;apos;Windows 11&amp;apos;, os.arch: &amp;apos;amd64&amp;apos;, os.version: &amp;apos;10.0&amp;apos;, java.version: &amp;apos;17.0.4.1&amp;apos;
Driver info: io.appium.java_client.android.AndroidDriver
Command: [null, newSession {capabilities=[{appium:deviceName=Pixcel4a, platformName=ANDROID, appium:automationName=UIAutomator2, appium:app=D:\AppiumWork\Appium\src\test\java\resources\ApiDemos-debug.apk}], desiredCapabilities=Capabilities {appium:app: D:\AppiumWork\Appium\src\te..., appium:automationName: UIAutomator2, appium:deviceName: Pixcel4a, platformName: ANDROID}}]
Capabilities {}">
      <![CDATA[org.openqa.selenium.SessionNotCreatedException: Could not start a new session. Response code 500. Message: An unknown server-side error occurred while processing the command. Original error: The application at 'D:\AppiumWork\Appium\src\test\java\resources\ApiDemos-debug.apk' does not exist or is not accessible 
Host info: host: 'HP', ip: '192.168.31.44'
Build info: version: '4.6.0', revision: '79f1c02ae20'
System info: os.name: 'Windows 11', os.arch: 'amd64', os.version: '10.0', java.version: '17.0.4.1'
Driver info: io.appium.java_client.android.AndroidDriver
Command: [null, newSession {capabilities=[{appium:deviceName=Pixcel4a, platformName=ANDROID, appium:automationName=UIAutomator2, appium:app=D:\AppiumWork\Appium\src\test\java\resources\ApiDemos-debug.apk}], desiredCapabilities=Capabilities {appium:app: D:\AppiumWork\Appium\src\te..., appium:automationName: UIAutomator2, appium:deviceName: Pixcel4a, platformName: ANDROID}}]
Capabilities {}
at org.openqa.selenium.remote.ProtocolHandshake.createSession(ProtocolHandshake.java:146)
at io.appium.java_client.remote.AppiumProtocolHandshake.createSession(AppiumProtocolHandshake.java:126)
at io.appium.java_client.remote.AppiumProtocolHandshake.createSession(AppiumProtocolHandshake.java:102)
at io.appium.java_client.remote.AppiumCommandExecutor.createSession(AppiumCommandExecutor.java:194)
at io.appium.java_client.remote.AppiumCommandExecutor.execute(AppiumCommandExecutor.java:262)
at org.openqa.selenium.remote.RemoteWebDriver.execute(RemoteWebDriver.java:541)
at io.appium.java_client.AppiumDriver.startSession(AppiumDriver.java:229)
at org.openqa.selenium.remote.RemoteWebDriver.<init>(RemoteWebDriver.java:157)
at io.appium.java_client.AppiumDriver.<init>(AppiumDriver.java:80)
at io.appium.java_client.AppiumDriver.<init>(AppiumDriver.java:92)
at io.appium.java_client.android.AndroidDriver.<init>(AndroidDriver.java:117)
at com.Appium.StartAppium.BaseicTest.startDriver(BaseicTest.java:32)
at java.base/java.util.ArrayList.forEach(ArrayList.java:1511)
... Removed 31 stack frames]]>
    </failure>
  </testcase> <!-- startDriver -->
</testsuite> <!-- Test -->
